<?xml version="1.0" encoding="UTF-8"?>
<!-- Generated by org.testng.reporters.JUnitReportReporter -->
<testsuite hostname="DESKTOP-N2EM7TN" failures="0" tests="1" name="testRunner.moTestRunner" time="17.201" errors="0" timestamp="2023-01-09T16:53:07 IST" skipped="0">
  <testcase classname="testRunner.moTestRunner" name="runScenario" time="17.201"/>
  <system-out/>
</testsuite> <!-- testRunner.moTestRunner -->
